
firmware.elf:     file format elf32-avr


Disassembly of section .text:

00000000 <__vectors>:
   0:	0c 94 34 00 	jmp	0x68	; 0x68 <__ctors_end>
   4:	0c 94 46 00 	jmp	0x8c	; 0x8c <__bad_interrupt>
   8:	0c 94 46 00 	jmp	0x8c	; 0x8c <__bad_interrupt>
   c:	0c 94 46 00 	jmp	0x8c	; 0x8c <__bad_interrupt>
  10:	0c 94 46 00 	jmp	0x8c	; 0x8c <__bad_interrupt>
  14:	0c 94 46 00 	jmp	0x8c	; 0x8c <__bad_interrupt>
  18:	0c 94 46 00 	jmp	0x8c	; 0x8c <__bad_interrupt>
  1c:	0c 94 46 00 	jmp	0x8c	; 0x8c <__bad_interrupt>
  20:	0c 94 46 00 	jmp	0x8c	; 0x8c <__bad_interrupt>
  24:	0c 94 46 00 	jmp	0x8c	; 0x8c <__bad_interrupt>
  28:	0c 94 46 00 	jmp	0x8c	; 0x8c <__bad_interrupt>
  2c:	0c 94 46 00 	jmp	0x8c	; 0x8c <__bad_interrupt>
  30:	0c 94 46 00 	jmp	0x8c	; 0x8c <__bad_interrupt>
  34:	0c 94 46 00 	jmp	0x8c	; 0x8c <__bad_interrupt>
  38:	0c 94 46 00 	jmp	0x8c	; 0x8c <__bad_interrupt>
  3c:	0c 94 46 00 	jmp	0x8c	; 0x8c <__bad_interrupt>
  40:	0c 94 a2 00 	jmp	0x144	; 0x144 <__vector_16>
  44:	0c 94 46 00 	jmp	0x8c	; 0x8c <__bad_interrupt>
  48:	0c 94 46 00 	jmp	0x8c	; 0x8c <__bad_interrupt>
  4c:	0c 94 46 00 	jmp	0x8c	; 0x8c <__bad_interrupt>
  50:	0c 94 46 00 	jmp	0x8c	; 0x8c <__bad_interrupt>
  54:	0c 94 46 00 	jmp	0x8c	; 0x8c <__bad_interrupt>
  58:	0c 94 46 00 	jmp	0x8c	; 0x8c <__bad_interrupt>
  5c:	0c 94 46 00 	jmp	0x8c	; 0x8c <__bad_interrupt>
  60:	0c 94 46 00 	jmp	0x8c	; 0x8c <__bad_interrupt>
  64:	0c 94 46 00 	jmp	0x8c	; 0x8c <__bad_interrupt>

00000068 <__ctors_end>:
  68:	11 24       	eor	r1, r1
  6a:	1f be       	out	0x3f, r1	; 63
  6c:	cf ef       	ldi	r28, 0xFF	; 255
  6e:	d8 e0       	ldi	r29, 0x08	; 8
  70:	de bf       	out	0x3e, r29	; 62
  72:	cd bf       	out	0x3d, r28	; 61

00000074 <__do_clear_bss>:
  74:	21 e0       	ldi	r18, 0x01	; 1
  76:	a0 e0       	ldi	r26, 0x00	; 0
  78:	b1 e0       	ldi	r27, 0x01	; 1
  7a:	01 c0       	rjmp	.+2      	; 0x7e <.do_clear_bss_start>

0000007c <.do_clear_bss_loop>:
  7c:	1d 92       	st	X+, r1

0000007e <.do_clear_bss_start>:
  7e:	a9 30       	cpi	r26, 0x09	; 9
  80:	b2 07       	cpc	r27, r18
  82:	e1 f7       	brne	.-8      	; 0x7c <.do_clear_bss_loop>
  84:	0e 94 ec 00 	call	0x1d8	; 0x1d8 <main>
  88:	0c 94 39 01 	jmp	0x272	; 0x272 <_exit>

0000008c <__bad_interrupt>:
  8c:	0c 94 00 00 	jmp	0	; 0x0 <__vectors>

00000090 <micros>:
  90:	3f b7       	in	r19, 0x3f	; 63
  92:	f8 94       	cli
  94:	80 91 05 01 	lds	r24, 0x0105	; 0x800105 <timer0_overflow_count>
  98:	90 91 06 01 	lds	r25, 0x0106	; 0x800106 <timer0_overflow_count+0x1>
  9c:	a0 91 07 01 	lds	r26, 0x0107	; 0x800107 <timer0_overflow_count+0x2>
  a0:	b0 91 08 01 	lds	r27, 0x0108	; 0x800108 <timer0_overflow_count+0x3>
  a4:	26 b5       	in	r18, 0x26	; 38
  a6:	a8 9b       	sbis	0x15, 0	; 21
  a8:	05 c0       	rjmp	.+10     	; 0xb4 <micros+0x24>
  aa:	2f 3f       	cpi	r18, 0xFF	; 255
  ac:	19 f0       	breq	.+6      	; 0xb4 <micros+0x24>
  ae:	01 96       	adiw	r24, 0x01	; 1
  b0:	a1 1d       	adc	r26, r1
  b2:	b1 1d       	adc	r27, r1
  b4:	3f bf       	out	0x3f, r19	; 63
  b6:	ba 2f       	mov	r27, r26
  b8:	a9 2f       	mov	r26, r25
  ba:	98 2f       	mov	r25, r24
  bc:	88 27       	eor	r24, r24
  be:	bc 01       	movw	r22, r24
  c0:	cd 01       	movw	r24, r26
  c2:	62 0f       	add	r22, r18
  c4:	71 1d       	adc	r23, r1
  c6:	81 1d       	adc	r24, r1
  c8:	91 1d       	adc	r25, r1
  ca:	42 e0       	ldi	r20, 0x02	; 2
  cc:	66 0f       	add	r22, r22
  ce:	77 1f       	adc	r23, r23
  d0:	88 1f       	adc	r24, r24
  d2:	99 1f       	adc	r25, r25
  d4:	4a 95       	dec	r20
  d6:	d1 f7       	brne	.-12     	; 0xcc <micros+0x3c>
  d8:	08 95       	ret

000000da <delay.constprop.0>:
  da:	8f 92       	push	r8
  dc:	9f 92       	push	r9
  de:	af 92       	push	r10
  e0:	bf 92       	push	r11
  e2:	cf 92       	push	r12
  e4:	df 92       	push	r13
  e6:	ef 92       	push	r14
  e8:	ff 92       	push	r15
  ea:	0e 94 48 00 	call	0x90	; 0x90 <micros>
  ee:	4b 01       	movw	r8, r22
  f0:	5c 01       	movw	r10, r24
  f2:	88 ec       	ldi	r24, 0xC8	; 200
  f4:	c8 2e       	mov	r12, r24
  f6:	d1 2c       	mov	r13, r1
  f8:	e1 2c       	mov	r14, r1
  fa:	f1 2c       	mov	r15, r1
  fc:	0e 94 48 00 	call	0x90	; 0x90 <micros>
 100:	68 19       	sub	r22, r8
 102:	79 09       	sbc	r23, r9
 104:	8a 09       	sbc	r24, r10
 106:	9b 09       	sbc	r25, r11
 108:	68 3e       	cpi	r22, 0xE8	; 232
 10a:	73 40       	sbci	r23, 0x03	; 3
 10c:	81 05       	cpc	r24, r1
 10e:	91 05       	cpc	r25, r1
 110:	a8 f3       	brcs	.-22     	; 0xfc <delay.constprop.0+0x22>
 112:	21 e0       	ldi	r18, 0x01	; 1
 114:	c2 1a       	sub	r12, r18
 116:	d1 08       	sbc	r13, r1
 118:	e1 08       	sbc	r14, r1
 11a:	f1 08       	sbc	r15, r1
 11c:	88 ee       	ldi	r24, 0xE8	; 232
 11e:	88 0e       	add	r8, r24
 120:	83 e0       	ldi	r24, 0x03	; 3
 122:	98 1e       	adc	r9, r24
 124:	a1 1c       	adc	r10, r1
 126:	b1 1c       	adc	r11, r1
 128:	c1 14       	cp	r12, r1
 12a:	d1 04       	cpc	r13, r1
 12c:	e1 04       	cpc	r14, r1
 12e:	f1 04       	cpc	r15, r1
 130:	29 f7       	brne	.-54     	; 0xfc <delay.constprop.0+0x22>
 132:	ff 90       	pop	r15
 134:	ef 90       	pop	r14
 136:	df 90       	pop	r13
 138:	cf 90       	pop	r12
 13a:	bf 90       	pop	r11
 13c:	af 90       	pop	r10
 13e:	9f 90       	pop	r9
 140:	8f 90       	pop	r8
 142:	08 95       	ret

00000144 <__vector_16>:
 144:	1f 92       	push	r1
 146:	0f 92       	push	r0
 148:	0f b6       	in	r0, 0x3f	; 63
 14a:	0f 92       	push	r0
 14c:	11 24       	eor	r1, r1
 14e:	2f 93       	push	r18
 150:	3f 93       	push	r19
 152:	8f 93       	push	r24
 154:	9f 93       	push	r25
 156:	af 93       	push	r26
 158:	bf 93       	push	r27
 15a:	80 91 01 01 	lds	r24, 0x0101	; 0x800101 <timer0_millis>
 15e:	90 91 02 01 	lds	r25, 0x0102	; 0x800102 <timer0_millis+0x1>
 162:	a0 91 03 01 	lds	r26, 0x0103	; 0x800103 <timer0_millis+0x2>
 166:	b0 91 04 01 	lds	r27, 0x0104	; 0x800104 <timer0_millis+0x3>
 16a:	30 91 00 01 	lds	r19, 0x0100	; 0x800100 <_edata>
 16e:	23 e0       	ldi	r18, 0x03	; 3
 170:	23 0f       	add	r18, r19
 172:	2d 37       	cpi	r18, 0x7D	; 125
 174:	58 f5       	brcc	.+86     	; 0x1cc <__vector_16+0x88>
 176:	01 96       	adiw	r24, 0x01	; 1
 178:	a1 1d       	adc	r26, r1
 17a:	b1 1d       	adc	r27, r1
 17c:	20 93 00 01 	sts	0x0100, r18	; 0x800100 <_edata>
 180:	80 93 01 01 	sts	0x0101, r24	; 0x800101 <timer0_millis>
 184:	90 93 02 01 	sts	0x0102, r25	; 0x800102 <timer0_millis+0x1>
 188:	a0 93 03 01 	sts	0x0103, r26	; 0x800103 <timer0_millis+0x2>
 18c:	b0 93 04 01 	sts	0x0104, r27	; 0x800104 <timer0_millis+0x3>
 190:	80 91 05 01 	lds	r24, 0x0105	; 0x800105 <timer0_overflow_count>
 194:	90 91 06 01 	lds	r25, 0x0106	; 0x800106 <timer0_overflow_count+0x1>
 198:	a0 91 07 01 	lds	r26, 0x0107	; 0x800107 <timer0_overflow_count+0x2>
 19c:	b0 91 08 01 	lds	r27, 0x0108	; 0x800108 <timer0_overflow_count+0x3>
 1a0:	01 96       	adiw	r24, 0x01	; 1
 1a2:	a1 1d       	adc	r26, r1
 1a4:	b1 1d       	adc	r27, r1
 1a6:	80 93 05 01 	sts	0x0105, r24	; 0x800105 <timer0_overflow_count>
 1aa:	90 93 06 01 	sts	0x0106, r25	; 0x800106 <timer0_overflow_count+0x1>
 1ae:	a0 93 07 01 	sts	0x0107, r26	; 0x800107 <timer0_overflow_count+0x2>
 1b2:	b0 93 08 01 	sts	0x0108, r27	; 0x800108 <timer0_overflow_count+0x3>
 1b6:	bf 91       	pop	r27
 1b8:	af 91       	pop	r26
 1ba:	9f 91       	pop	r25
 1bc:	8f 91       	pop	r24
 1be:	3f 91       	pop	r19
 1c0:	2f 91       	pop	r18
 1c2:	0f 90       	pop	r0
 1c4:	0f be       	out	0x3f, r0	; 63
 1c6:	0f 90       	pop	r0
 1c8:	1f 90       	pop	r1
 1ca:	18 95       	reti
 1cc:	26 e8       	ldi	r18, 0x86	; 134
 1ce:	23 0f       	add	r18, r19
 1d0:	02 96       	adiw	r24, 0x02	; 2
 1d2:	a1 1d       	adc	r26, r1
 1d4:	b1 1d       	adc	r27, r1
 1d6:	d2 cf       	rjmp	.-92     	; 0x17c <__vector_16+0x38>

000001d8 <main>:
 1d8:	78 94       	sei
 1da:	84 b5       	in	r24, 0x24	; 36
 1dc:	82 60       	ori	r24, 0x02	; 2
 1de:	84 bd       	out	0x24, r24	; 36
 1e0:	84 b5       	in	r24, 0x24	; 36
 1e2:	81 60       	ori	r24, 0x01	; 1
 1e4:	84 bd       	out	0x24, r24	; 36
 1e6:	85 b5       	in	r24, 0x25	; 37
 1e8:	82 60       	ori	r24, 0x02	; 2
 1ea:	85 bd       	out	0x25, r24	; 37
 1ec:	85 b5       	in	r24, 0x25	; 37
 1ee:	81 60       	ori	r24, 0x01	; 1
 1f0:	85 bd       	out	0x25, r24	; 37
 1f2:	80 91 6e 00 	lds	r24, 0x006E	; 0x80006e <__TEXT_REGION_LENGTH__+0x7e006e>
 1f6:	81 60       	ori	r24, 0x01	; 1
 1f8:	80 93 6e 00 	sts	0x006E, r24	; 0x80006e <__TEXT_REGION_LENGTH__+0x7e006e>
 1fc:	10 92 81 00 	sts	0x0081, r1	; 0x800081 <__TEXT_REGION_LENGTH__+0x7e0081>
 200:	80 91 81 00 	lds	r24, 0x0081	; 0x800081 <__TEXT_REGION_LENGTH__+0x7e0081>
 204:	82 60       	ori	r24, 0x02	; 2
 206:	80 93 81 00 	sts	0x0081, r24	; 0x800081 <__TEXT_REGION_LENGTH__+0x7e0081>
 20a:	80 91 81 00 	lds	r24, 0x0081	; 0x800081 <__TEXT_REGION_LENGTH__+0x7e0081>
 20e:	81 60       	ori	r24, 0x01	; 1
 210:	80 93 81 00 	sts	0x0081, r24	; 0x800081 <__TEXT_REGION_LENGTH__+0x7e0081>
 214:	80 91 80 00 	lds	r24, 0x0080	; 0x800080 <__TEXT_REGION_LENGTH__+0x7e0080>
 218:	81 60       	ori	r24, 0x01	; 1
 21a:	80 93 80 00 	sts	0x0080, r24	; 0x800080 <__TEXT_REGION_LENGTH__+0x7e0080>
 21e:	80 91 b1 00 	lds	r24, 0x00B1	; 0x8000b1 <__TEXT_REGION_LENGTH__+0x7e00b1>
 222:	84 60       	ori	r24, 0x04	; 4
 224:	80 93 b1 00 	sts	0x00B1, r24	; 0x8000b1 <__TEXT_REGION_LENGTH__+0x7e00b1>
 228:	80 91 b0 00 	lds	r24, 0x00B0	; 0x8000b0 <__TEXT_REGION_LENGTH__+0x7e00b0>
 22c:	81 60       	ori	r24, 0x01	; 1
 22e:	80 93 b0 00 	sts	0x00B0, r24	; 0x8000b0 <__TEXT_REGION_LENGTH__+0x7e00b0>
 232:	80 91 7a 00 	lds	r24, 0x007A	; 0x80007a <__TEXT_REGION_LENGTH__+0x7e007a>
 236:	84 60       	ori	r24, 0x04	; 4
 238:	80 93 7a 00 	sts	0x007A, r24	; 0x80007a <__TEXT_REGION_LENGTH__+0x7e007a>
 23c:	80 91 7a 00 	lds	r24, 0x007A	; 0x80007a <__TEXT_REGION_LENGTH__+0x7e007a>
 240:	82 60       	ori	r24, 0x02	; 2
 242:	80 93 7a 00 	sts	0x007A, r24	; 0x80007a <__TEXT_REGION_LENGTH__+0x7e007a>
 246:	80 91 7a 00 	lds	r24, 0x007A	; 0x80007a <__TEXT_REGION_LENGTH__+0x7e007a>
 24a:	81 60       	ori	r24, 0x01	; 1
 24c:	80 93 7a 00 	sts	0x007A, r24	; 0x80007a <__TEXT_REGION_LENGTH__+0x7e007a>
 250:	80 91 7a 00 	lds	r24, 0x007A	; 0x80007a <__TEXT_REGION_LENGTH__+0x7e007a>
 254:	80 68       	ori	r24, 0x80	; 128
 256:	80 93 7a 00 	sts	0x007A, r24	; 0x80007a <__TEXT_REGION_LENGTH__+0x7e007a>
 25a:	10 92 c1 00 	sts	0x00C1, r1	; 0x8000c1 <__TEXT_REGION_LENGTH__+0x7e00c1>
 25e:	84 e0       	ldi	r24, 0x04	; 4
 260:	84 b9       	out	0x04, r24	; 4
 262:	c4 e0       	ldi	r28, 0x04	; 4
 264:	13 b8       	out	0x03, r1	; 3
 266:	0e 94 6d 00 	call	0xda	; 0xda <delay.constprop.0>
 26a:	c3 b9       	out	0x03, r28	; 3
 26c:	0e 94 6d 00 	call	0xda	; 0xda <delay.constprop.0>
 270:	f9 cf       	rjmp	.-14     	; 0x264 <main+0x8c>

00000272 <_exit>:
 272:	f8 94       	cli

00000274 <__stop_program>:
 274:	ff cf       	rjmp	.-2      	; 0x274 <__stop_program>